[debug] [2018-07-01T21:12:46.814Z] ----------------------------------------------------------------------
[debug] [2018-07-01T21:12:46.818Z] Command:       /usr/local/Cellar/node/9.3.0_1/bin/node /usr/local/bin/firebase deploy
[debug] [2018-07-01T21:12:46.818Z] CLI Version:   3.18.6
[debug] [2018-07-01T21:12:46.818Z] Platform:      darwin
[debug] [2018-07-01T21:12:46.818Z] Node Version:  v9.3.0
[debug] [2018-07-01T21:12:46.819Z] Time:          Mon Jul 02 2018 00:12:46 GMT+0300 (IDT)
[debug] [2018-07-01T21:12:46.819Z] ----------------------------------------------------------------------
[debug] 
[debug] [2018-07-01T21:12:46.832Z] > command requires scopes: ["email","openid","https://www.googleapis.com/auth/cloudplatformprojects.readonly","https://www.googleapis.com/auth/firebase","https://www.googleapis.com/auth/cloud-platform"]
[debug] [2018-07-01T21:12:46.833Z] > authorizing via signed-in user
[debug] [2018-07-01T21:12:46.837Z] >>> HTTP REQUEST GET https://admin.firebase.com/v1/projects/plato-manager-c3bbf  
  
 Mon Jul 02 2018 00:12:46 GMT+0300 (IDT)
[debug] [2018-07-01T21:12:47.827Z] <<< HTTP RESPONSE 200
[debug] [2018-07-01T21:12:47.827Z] >>> HTTP REQUEST GET https://admin.firebase.com/v1/database/plato-manager-c3bbf/tokens  
  
 Mon Jul 02 2018 00:12:47 GMT+0300 (IDT)
[debug] [2018-07-01T21:12:48.590Z] <<< HTTP RESPONSE 200
[info] 
[info] === Deploying to 'plato-manager-c3bbf'...
[info] 
[info] i  deploying hosting
[info] i  hosting: preparing dist directory for upload...
[debug] [2018-07-01T21:12:49.777Z] >>> HTTP REQUEST PUT https://deploy.firebase.com/v1/hosting/plato-manager-c3bbf/uploads/-LGMgDercaulQSDGzzgJ?fileCount=13&message=  
  
 Mon Jul 02 2018 00:12:49 GMT+0300 (IDT)
